{
  "stats": {
    "suites": 1,
    "tests": 3,
    "passes": 3,
    "pending": 2,
    "failures": -2,
    "start": "2021-06-21T12:16:40.270Z",
    "end": "2021-06-21T12:16:41.670Z",
    "duration": 1400,
    "testsRegistered": 5,
    "passPercent": 100,
    "pendingPercent": 40,
    "other": 2,
    "hasOther": true,
    "skipped": 2,
    "hasSkipped": true
  },
  "results": [
    {
      "uuid": "9ea883b2-53f7-41d9-bc5e-2f0c5c533ca3",
      "title": "",
      "fullFile": "cypress/integration/services/UpdateBooking.spec.js",
      "file": "cypress/integration/services/UpdateBooking.spec.js",
      "beforeHooks": [],
      "afterHooks": [],
      "tests": [],
      "suites": [
        {
          "uuid": "288957e9-ec6b-4306-914a-b5088fa6d7d1",
          "title": "Put Booking",
          "fullFile": "",
          "file": "",
          "beforeHooks": [],
          "afterHooks": [],
          "tests": [
            {
              "title": "Alterar um reserva usando token - @acceptance",
              "fullTitle": "Put Booking Alterar um reserva usando token - @acceptance",
              "timedOut": null,
              "duration": 0,
              "state": "pending",
              "speed": null,
              "pass": false,
              "fail": false,
              "pending": true,
              "context": null,
              "code": "",
              "err": {},
              "uuid": "df744b83-df59-4d58-93c0-123a96512008",
              "parentUUID": "288957e9-ec6b-4306-914a-b5088fa6d7d1",
              "isHook": false,
              "skipped": false
            },
            {
              "title": "Alterar uma reserva usando o Basic auth - @acceptance",
              "fullTitle": "Put Booking Alterar uma reserva usando o Basic auth - @acceptance",
              "timedOut": null,
              "duration": 0,
              "state": "pending",
              "speed": null,
              "pass": false,
              "fail": false,
              "pending": true,
              "context": null,
              "code": "",
              "err": {},
              "uuid": "43f89f9f-dc91-4295-9847-a82db4c50a94",
              "parentUUID": "288957e9-ec6b-4306-914a-b5088fa6d7d1",
              "isHook": false,
              "skipped": false
            },
            {
              "title": "Tentar alterar uma reserva quando o token não for enviado - @e2e",
              "fullTitle": "Put Booking Tentar alterar uma reserva quando o token não for enviado - @e2e",
              "timedOut": null,
              "duration": 410,
              "state": "passed",
              "speed": "slow",
              "pass": true,
              "fail": false,
              "pending": false,
              "context": null,
              "code": "cy.allBookings().then(function (resAllBookings) {\n  cy.updateBookingWithToken(resAllBookings.body[0].bookingid, \"\").then(function (response) {\n    expect(response.status).to.eq(403);\n  });\n});",
              "err": {},
              "uuid": "b38d7b54-ff64-4d84-9749-bf57d406eb4f",
              "parentUUID": "288957e9-ec6b-4306-914a-b5088fa6d7d1",
              "isHook": false,
              "skipped": false
            },
            {
              "title": "Tentar alterar uma reserva quando o token enviado for inválido - @e2e",
              "fullTitle": "Put Booking Tentar alterar uma reserva quando o token enviado for inválido - @e2e",
              "timedOut": null,
              "duration": 381,
              "state": "passed",
              "speed": "slow",
              "pass": true,
              "fail": false,
              "pending": false,
              "context": null,
              "code": "cy.allBookings().then(function (resAllBookings) {\n  cy.updateBookingWithToken(resAllBookings.body[0].bookingid, \"token inválido\").then(function (response) {\n    expect(response.status).to.eq(403);\n  });\n});",
              "err": {},
              "uuid": "781be40c-6526-4cac-b5dc-b47854db4b21",
              "parentUUID": "288957e9-ec6b-4306-914a-b5088fa6d7d1",
              "isHook": false,
              "skipped": false
            },
            {
              "title": "Tentar alterar uma reserva quando o token enviado for inválido - @e2e",
              "fullTitle": "Put Booking Tentar alterar uma reserva quando o token enviado for inválido - @e2e",
              "timedOut": null,
              "duration": 544,
              "state": "passed",
              "speed": "slow",
              "pass": true,
              "fail": false,
              "pending": false,
              "context": null,
              "code": "cy.token().then(function (resToken) {\n  cy.allBookings().then(function (resAllBookings) {\n    cy.updateBookingWithToken(9999, resToken.body.token).then(function (response) {\n      expect(response.status).to.eq(405);\n    });\n  });\n});",
              "err": {},
              "uuid": "d98a727e-110e-4ac3-800d-63e004d264fc",
              "parentUUID": "288957e9-ec6b-4306-914a-b5088fa6d7d1",
              "isHook": false,
              "skipped": false
            }
          ],
          "suites": [],
          "passes": [
            "b38d7b54-ff64-4d84-9749-bf57d406eb4f",
            "781be40c-6526-4cac-b5dc-b47854db4b21",
            "d98a727e-110e-4ac3-800d-63e004d264fc"
          ],
          "failures": [],
          "pending": [
            "df744b83-df59-4d58-93c0-123a96512008",
            "43f89f9f-dc91-4295-9847-a82db4c50a94"
          ],
          "skipped": [],
          "duration": 1335,
          "root": false,
          "rootEmpty": false,
          "_timeout": 2000
        }
      ],
      "passes": [],
      "failures": [],
      "pending": [],
      "skipped": [],
      "duration": 0,
      "root": true,
      "rootEmpty": true,
      "_timeout": 2000
    }
  ],
  "meta": {
    "mocha": {
      "version": "7.0.1"
    },
    "mochawesome": {
      "options": {
        "quiet": false,
        "reportFilename": "mochawesome",
        "saveHtml": false,
        "saveJson": true,
        "consoleReporter": "spec",
        "useInlineDiffs": false,
        "code": true
      },
      "version": "6.1.0"
    },
    "marge": {
      "options": {
        "reportDir": "mochawesome-report/json",
        "overwrite": false,
        "html": false,
        "json": true
      },
      "version": "5.2.0"
    }
  }
}