{
  "stats": {
    "suites": 1,
    "tests": 2,
    "passes": 1,
    "pending": 1,
    "failures": 0,
    "start": "2021-06-18T14:09:24.898Z",
    "end": "2021-06-18T14:09:25.947Z",
    "duration": 1049,
    "testsRegistered": 2,
    "passPercent": 100,
    "pendingPercent": 50,
    "other": 0,
    "hasOther": false,
    "skipped": 0,
    "hasSkipped": false
  },
  "results": [
    {
      "uuid": "59316244-b347-4f91-8716-5779636c55d2",
      "title": "",
      "fullFile": "cypress/integration/services/GetBookingIds.spec.js",
      "file": "cypress/integration/services/GetBookingIds.spec.js",
      "beforeHooks": [],
      "afterHooks": [],
      "tests": [],
      "suites": [
        {
          "uuid": "16d11310-0e34-41a1-8278-5bfa275ea696",
          "title": "Get Booking Ids",
          "fullFile": "",
          "file": "",
          "beforeHooks": [],
          "afterHooks": [],
          "tests": [
            {
              "title": "Listar IDs das reservar - @acceptance",
              "fullTitle": "Get Booking Ids Listar IDs das reservar - @acceptance",
              "timedOut": null,
              "duration": 1014,
              "state": "passed",
              "speed": "slow",
              "pass": true,
              "fail": false,
              "pending": false,
              "context": null,
              "code": "cy.allBookings().should(function (response) {\n  expect(response.status).to.eq(200);\n  expect(response.body).not.to.be[\"null\"];\n});",
              "err": {},
              "uuid": "6228b6f8-fa8a-4813-b986-f54ef07a8693",
              "parentUUID": "16d11310-0e34-41a1-8278-5bfa275ea696",
              "isHook": false,
              "skipped": false
            },
            {
              "title": "Garantir o contrato do retorno d alista de reservas - @contract",
              "fullTitle": "Get Booking Ids Garantir o contrato do retorno d alista de reservas - @contract",
              "timedOut": null,
              "duration": 0,
              "state": "pending",
              "speed": null,
              "pass": false,
              "fail": false,
              "pending": true,
              "context": null,
              "code": "",
              "err": {},
              "uuid": "a879aa0e-96e7-417e-abde-ecd3b673d4e3",
              "parentUUID": "16d11310-0e34-41a1-8278-5bfa275ea696",
              "isHook": false,
              "skipped": false
            }
          ],
          "suites": [],
          "passes": [
            "6228b6f8-fa8a-4813-b986-f54ef07a8693"
          ],
          "failures": [],
          "pending": [
            "a879aa0e-96e7-417e-abde-ecd3b673d4e3"
          ],
          "skipped": [],
          "duration": 1014,
          "root": false,
          "rootEmpty": false,
          "_timeout": 2000
        }
      ],
      "passes": [],
      "failures": [],
      "pending": [],
      "skipped": [],
      "duration": 0,
      "root": true,
      "rootEmpty": true,
      "_timeout": 2000
    }
  ],
  "meta": {
    "mocha": {
      "version": "7.0.1"
    },
    "mochawesome": {
      "options": {
        "quiet": false,
        "reportFilename": "mochawesome",
        "saveHtml": false,
        "saveJson": true,
        "consoleReporter": "spec",
        "useInlineDiffs": false,
        "code": true
      },
      "version": "6.1.0"
    },
    "marge": {
      "options": {
        "reportDir": "mochawesome-report/json",
        "overwrite": false,
        "html": false,
        "json": true
      },
      "version": "5.2.0"
    }
  }
}