{
  "stats": {
    "suites": 1,
    "tests": 8,
    "passes": 7,
    "pending": 2,
    "failures": -1,
    "start": "2021-06-21T12:43:25.521Z",
    "end": "2021-06-21T12:43:27.013Z",
    "duration": 1492,
    "testsRegistered": 9,
    "passPercent": 100,
    "pendingPercent": 22.22222222222222,
    "other": 1,
    "hasOther": true,
    "skipped": 1,
    "hasSkipped": true
  },
  "results": [
    {
      "uuid": "bfaa8e43-a128-4b46-825e-380e4c235a34",
      "title": "",
      "fullFile": "cypress/integration/services/GetBookingIds.spec.js",
      "file": "cypress/integration/services/GetBookingIds.spec.js",
      "beforeHooks": [],
      "afterHooks": [],
      "tests": [],
      "suites": [
        {
          "uuid": "ce72ae08-91b6-4a3f-911b-c2c9cb70043f",
          "title": "Get Booking",
          "fullFile": "",
          "file": "",
          "beforeHooks": [],
          "afterHooks": [],
          "tests": [
            {
              "title": "Listar IDs das reservar - @acceptance",
              "fullTitle": "Get Booking Listar IDs das reservar - @acceptance",
              "timedOut": null,
              "duration": 220,
              "state": "passed",
              "speed": "slow",
              "pass": true,
              "fail": false,
              "pending": false,
              "context": null,
              "code": "cy.allBookings().should(function (response) {\n  expect(response.status).to.eq(200);\n  expect(response.body).not.to.be[\"null\"];\n});",
              "err": {},
              "uuid": "4f9fccf4-7943-4d38-95a9-3e1db6dc0d02",
              "parentUUID": "ce72ae08-91b6-4a3f-911b-c2c9cb70043f",
              "isHook": false,
              "skipped": false
            },
            {
              "title": "Listar IDs de reservas utilizando o filtro firstname - @acceptance",
              "fullTitle": "Get Booking Listar IDs de reservas utilizando o filtro firstname - @acceptance",
              "timedOut": null,
              "duration": 183,
              "state": "passed",
              "speed": "slow",
              "pass": true,
              "fail": false,
              "pending": false,
              "context": null,
              "code": "cy.allBookingsWithQueryParam('firstname=Mark').should(function (response) {\n  expect(response.status).to.eq(200);\n  expect(response.body).not.to.be[\"null\"];\n});",
              "err": {},
              "uuid": "f846b36b-7ca0-4586-8f4b-756875375d9c",
              "parentUUID": "ce72ae08-91b6-4a3f-911b-c2c9cb70043f",
              "isHook": false,
              "skipped": false
            },
            {
              "title": "Listar IDs de reservas utilizando o filtro lastname - @acceptance",
              "fullTitle": "Get Booking Listar IDs de reservas utilizando o filtro lastname - @acceptance",
              "timedOut": null,
              "duration": 187,
              "state": "passed",
              "speed": "slow",
              "pass": true,
              "fail": false,
              "pending": false,
              "context": null,
              "code": "cy.allBookingsWithQueryParam('lastname=Jones').should(function (response) {\n  expect(response.status).to.eq(200);\n  expect(response.body).not.to.be[\"null\"];\n});",
              "err": {},
              "uuid": "b8ce54ba-d0ad-4921-bec7-40b5694fe076",
              "parentUUID": "ce72ae08-91b6-4a3f-911b-c2c9cb70043f",
              "isHook": false,
              "skipped": false
            },
            {
              "title": "Listar IDs de reservas utilizando o filtro checkin - @acceptance",
              "fullTitle": "Get Booking Listar IDs de reservas utilizando o filtro checkin - @acceptance",
              "timedOut": null,
              "duration": 184,
              "state": "passed",
              "speed": "slow",
              "pass": true,
              "fail": false,
              "pending": false,
              "context": null,
              "code": "cy.allBookingsWithQueryParam('checkin=2017-04-07').should(function (response) {\n  expect(response.status).to.eq(200);\n  expect(response.body).not.to.be[\"null\"];\n});",
              "err": {},
              "uuid": "1cae49eb-f2fb-48fc-acfe-5d6fcae78ec7",
              "parentUUID": "ce72ae08-91b6-4a3f-911b-c2c9cb70043f",
              "isHook": false,
              "skipped": false
            },
            {
              "title": "Listar IDs de reservas utilizando o filtro checkout - @acceptance",
              "fullTitle": "Get Booking Listar IDs de reservas utilizando o filtro checkout - @acceptance",
              "timedOut": null,
              "duration": 191,
              "state": "passed",
              "speed": "slow",
              "pass": true,
              "fail": false,
              "pending": false,
              "context": null,
              "code": "cy.allBookingsWithQueryParam('checkout=2020-12-29').should(function (response) {\n  expect(response.status).to.eq(200);\n  expect(response.body).not.to.be[\"null\"];\n});",
              "err": {},
              "uuid": "460b38f3-4e76-4186-b84c-7c633013d60b",
              "parentUUID": "ce72ae08-91b6-4a3f-911b-c2c9cb70043f",
              "isHook": false,
              "skipped": false
            },
            {
              "title": "Listar IDs de reservas utilizando o filtro checkout and checkout - @acceptance",
              "fullTitle": "Get Booking Listar IDs de reservas utilizando o filtro checkout and checkout - @acceptance",
              "timedOut": null,
              "duration": 214,
              "state": "passed",
              "speed": "slow",
              "pass": true,
              "fail": false,
              "pending": false,
              "context": null,
              "code": "cy.allBookingsWithQueryParam('checkin=2016-12-10&checkout=2019-09-10').should(function (response) {\n  expect(response.status).to.eq(200);\n  expect(response.body).not.to.be[\"null\"];\n});",
              "err": {},
              "uuid": "fd587f8b-5ae1-4c87-8742-d6d3389b4316",
              "parentUUID": "ce72ae08-91b6-4a3f-911b-c2c9cb70043f",
              "isHook": false,
              "skipped": false
            },
            {
              "title": "Listar IDs de reservas utilizando o filtro name, checkin and checkout date - @acceptance",
              "fullTitle": "Get Booking Listar IDs de reservas utilizando o filtro name, checkin and checkout date - @acceptance",
              "timedOut": null,
              "duration": 220,
              "state": "passed",
              "speed": "slow",
              "pass": true,
              "fail": false,
              "pending": false,
              "context": null,
              "code": "cy.allBookingsWithQueryParam('name=Eric&checkin=2016-07-07&checkout=2017-07-24').should(function (response) {\n  expect(response.status).to.eq(200);\n  expect(response.body).not.to.be[\"null\"];\n});",
              "err": {},
              "uuid": "bc3f0555-2137-4578-ac2b-75c1daeca718",
              "parentUUID": "ce72ae08-91b6-4a3f-911b-c2c9cb70043f",
              "isHook": false,
              "skipped": false
            },
            {
              "title": "Visualizar erro de servidor 500 quando enviar filtro mal formatado - @e2e",
              "fullTitle": "Get Booking Visualizar erro de servidor 500 quando enviar filtro mal formatado - @e2e",
              "timedOut": null,
              "duration": 0,
              "state": "pending",
              "speed": null,
              "pass": false,
              "fail": false,
              "pending": true,
              "context": null,
              "code": "",
              "err": {},
              "uuid": "c620274f-b167-438b-9eb1-36c14f777242",
              "parentUUID": "ce72ae08-91b6-4a3f-911b-c2c9cb70043f",
              "isHook": false,
              "skipped": false
            },
            {
              "title": "Garantir o contrato do retorno da alista de reservas - @contract",
              "fullTitle": "Get Booking Garantir o contrato do retorno da alista de reservas - @contract",
              "timedOut": null,
              "duration": 0,
              "state": "pending",
              "speed": null,
              "pass": false,
              "fail": false,
              "pending": true,
              "context": null,
              "code": "",
              "err": {},
              "uuid": "144f9753-b0d1-498f-a552-6ca09621f330",
              "parentUUID": "ce72ae08-91b6-4a3f-911b-c2c9cb70043f",
              "isHook": false,
              "skipped": false
            }
          ],
          "suites": [],
          "passes": [
            "4f9fccf4-7943-4d38-95a9-3e1db6dc0d02",
            "f846b36b-7ca0-4586-8f4b-756875375d9c",
            "b8ce54ba-d0ad-4921-bec7-40b5694fe076",
            "1cae49eb-f2fb-48fc-acfe-5d6fcae78ec7",
            "460b38f3-4e76-4186-b84c-7c633013d60b",
            "fd587f8b-5ae1-4c87-8742-d6d3389b4316",
            "bc3f0555-2137-4578-ac2b-75c1daeca718"
          ],
          "failures": [],
          "pending": [
            "c620274f-b167-438b-9eb1-36c14f777242",
            "144f9753-b0d1-498f-a552-6ca09621f330"
          ],
          "skipped": [],
          "duration": 1399,
          "root": false,
          "rootEmpty": false,
          "_timeout": 2000
        }
      ],
      "passes": [],
      "failures": [],
      "pending": [],
      "skipped": [],
      "duration": 0,
      "root": true,
      "rootEmpty": true,
      "_timeout": 2000
    }
  ],
  "meta": {
    "mocha": {
      "version": "7.0.1"
    },
    "mochawesome": {
      "options": {
        "quiet": false,
        "reportFilename": "mochawesome",
        "saveHtml": false,
        "saveJson": true,
        "consoleReporter": "spec",
        "useInlineDiffs": false,
        "code": true
      },
      "version": "6.1.0"
    },
    "marge": {
      "options": {
        "reportDir": "mochawesome-report/json",
        "overwrite": false,
        "html": false,
        "json": true
      },
      "version": "5.2.0"
    }
  }
}