{
  "stats": {
    "suites": 1,
    "tests": 3,
    "passes": 2,
    "pending": 3,
    "failures": -2,
    "start": "2021-06-21T13:19:06.224Z",
    "end": "2021-06-21T13:19:07.233Z",
    "duration": 1009,
    "testsRegistered": 5,
    "passPercent": 100,
    "pendingPercent": 60,
    "other": 2,
    "hasOther": true,
    "skipped": 2,
    "hasSkipped": true
  },
  "results": [
    {
      "uuid": "27e3b52c-86e5-4503-8309-bd6e3977a2d5",
      "title": "",
      "fullFile": "cypress/integration/services/UpdateBooking.spec.js",
      "file": "cypress/integration/services/UpdateBooking.spec.js",
      "beforeHooks": [],
      "afterHooks": [],
      "tests": [],
      "suites": [
        {
          "uuid": "e3f5ea14-fec5-460d-b65f-03973325bbe7",
          "title": "Put Booking",
          "fullFile": "",
          "file": "",
          "beforeHooks": [],
          "afterHooks": [],
          "tests": [
            {
              "title": "Alterar um reserva usando token - @acceptance",
              "fullTitle": "Put Booking Alterar um reserva usando token - @acceptance",
              "timedOut": null,
              "duration": 593,
              "state": "passed",
              "speed": "slow",
              "pass": true,
              "fail": false,
              "pending": false,
              "context": null,
              "code": "cy.token().then(function (resToken) {\n  cy.allBookings().then(function (resAllBookings) {\n    cy.updateBookingWithToken(resAllBookings.body[0].bookingid, resToken.body.token).then(function (response) {\n      expect(response.status).to.eq(200);\n      expect(response.body.firstname).to.eq(\"João\");\n    });\n  });\n});",
              "err": {},
              "uuid": "9042d44f-92dd-4989-bbb1-6290211b2d15",
              "parentUUID": "e3f5ea14-fec5-460d-b65f-03973325bbe7",
              "isHook": false,
              "skipped": false
            },
            {
              "title": "Alterar uma reserva usando o Basic auth - @acceptance",
              "fullTitle": "Put Booking Alterar uma reserva usando o Basic auth - @acceptance",
              "timedOut": null,
              "duration": 358,
              "state": "passed",
              "speed": "slow",
              "pass": true,
              "fail": false,
              "pending": false,
              "context": null,
              "code": "cy.allBookings().then(function (resAllBookings) {\n  cy.updateBookingWithBasicWith(resAllBookings.body[0].bookingid).then(function (response) {\n    expect(response.status).to.eq(200);\n    expect(response.body.firstname).to.eq(\"Jeferson\");\n  });\n});",
              "err": {},
              "uuid": "d477b40d-fe95-4883-ab11-564138420494",
              "parentUUID": "e3f5ea14-fec5-460d-b65f-03973325bbe7",
              "isHook": false,
              "skipped": false
            },
            {
              "title": "Tentar alterar uma reserva quando o token não for enviado - @e2e",
              "fullTitle": "Put Booking Tentar alterar uma reserva quando o token não for enviado - @e2e",
              "timedOut": null,
              "duration": 0,
              "state": "pending",
              "speed": null,
              "pass": false,
              "fail": false,
              "pending": true,
              "context": null,
              "code": "",
              "err": {},
              "uuid": "adfb038e-04e7-4d56-8a84-6a6b33f51a74",
              "parentUUID": "e3f5ea14-fec5-460d-b65f-03973325bbe7",
              "isHook": false,
              "skipped": false
            },
            {
              "title": "Tentar alterar uma reserva quando o token enviado for inválido - @e2e",
              "fullTitle": "Put Booking Tentar alterar uma reserva quando o token enviado for inválido - @e2e",
              "timedOut": null,
              "duration": 0,
              "state": "pending",
              "speed": null,
              "pass": false,
              "fail": false,
              "pending": true,
              "context": null,
              "code": "",
              "err": {},
              "uuid": "289314d0-8a30-4c25-a1b7-33d586f27682",
              "parentUUID": "e3f5ea14-fec5-460d-b65f-03973325bbe7",
              "isHook": false,
              "skipped": false
            },
            {
              "title": "Tentar alterar uma reserva quando o token enviado for inválido - @e2e",
              "fullTitle": "Put Booking Tentar alterar uma reserva quando o token enviado for inválido - @e2e",
              "timedOut": null,
              "duration": 0,
              "state": "pending",
              "speed": null,
              "pass": false,
              "fail": false,
              "pending": true,
              "context": null,
              "code": "",
              "err": {},
              "uuid": "dcce4465-305d-4a99-8e25-32997d533f8a",
              "parentUUID": "e3f5ea14-fec5-460d-b65f-03973325bbe7",
              "isHook": false,
              "skipped": false
            }
          ],
          "suites": [],
          "passes": [
            "9042d44f-92dd-4989-bbb1-6290211b2d15",
            "d477b40d-fe95-4883-ab11-564138420494"
          ],
          "failures": [],
          "pending": [
            "adfb038e-04e7-4d56-8a84-6a6b33f51a74",
            "289314d0-8a30-4c25-a1b7-33d586f27682",
            "dcce4465-305d-4a99-8e25-32997d533f8a"
          ],
          "skipped": [],
          "duration": 951,
          "root": false,
          "rootEmpty": false,
          "_timeout": 2000
        }
      ],
      "passes": [],
      "failures": [],
      "pending": [],
      "skipped": [],
      "duration": 0,
      "root": true,
      "rootEmpty": true,
      "_timeout": 2000
    }
  ],
  "meta": {
    "mocha": {
      "version": "7.0.1"
    },
    "mochawesome": {
      "options": {
        "quiet": false,
        "reportFilename": "mochawesome",
        "saveHtml": false,
        "saveJson": true,
        "consoleReporter": "spec",
        "useInlineDiffs": false,
        "code": true
      },
      "version": "6.1.0"
    },
    "marge": {
      "options": {
        "reportDir": "mochawesome-report/json",
        "overwrite": false,
        "html": false,
        "json": true
      },
      "version": "5.2.0"
    }
  }
}