{
  "stats": {
    "suites": 1,
    "tests": 2,
    "passes": 1,
    "pending": 8,
    "failures": -7,
    "start": "2021-06-21T12:16:35.711Z",
    "end": "2021-06-21T12:16:36.111Z",
    "duration": 400,
    "testsRegistered": 9,
    "passPercent": 100,
    "pendingPercent": 88.88888888888889,
    "other": 7,
    "hasOther": true,
    "skipped": 7,
    "hasSkipped": true
  },
  "results": [
    {
      "uuid": "8929e2d6-d4aa-4b6a-88bf-d65737d8b408",
      "title": "",
      "fullFile": "cypress/integration/services/GetBookingIds.spec.js",
      "file": "cypress/integration/services/GetBookingIds.spec.js",
      "beforeHooks": [],
      "afterHooks": [],
      "tests": [],
      "suites": [
        {
          "uuid": "be48d04a-9190-47b7-bf08-eec6cb06bc9b",
          "title": "Get Booking",
          "fullFile": "",
          "file": "",
          "beforeHooks": [],
          "afterHooks": [],
          "tests": [
            {
              "title": "Listar IDs das reservar - @acceptance",
              "fullTitle": "Get Booking Listar IDs das reservar - @acceptance",
              "timedOut": null,
              "duration": 0,
              "state": "pending",
              "speed": null,
              "pass": false,
              "fail": false,
              "pending": true,
              "context": null,
              "code": "",
              "err": {},
              "uuid": "8ef12dc3-3aa9-4ccc-a170-73ee02e4b4af",
              "parentUUID": "be48d04a-9190-47b7-bf08-eec6cb06bc9b",
              "isHook": false,
              "skipped": false
            },
            {
              "title": "Listar IDs de reservas utilizando o filtro firstname - @acceptance",
              "fullTitle": "Get Booking Listar IDs de reservas utilizando o filtro firstname - @acceptance",
              "timedOut": null,
              "duration": 0,
              "state": "pending",
              "speed": null,
              "pass": false,
              "fail": false,
              "pending": true,
              "context": null,
              "code": "",
              "err": {},
              "uuid": "02a48a9f-fed0-4264-a20e-11467d643b81",
              "parentUUID": "be48d04a-9190-47b7-bf08-eec6cb06bc9b",
              "isHook": false,
              "skipped": false
            },
            {
              "title": "Listar IDs de reservas utilizando o filtro lastname - @acceptance",
              "fullTitle": "Get Booking Listar IDs de reservas utilizando o filtro lastname - @acceptance",
              "timedOut": null,
              "duration": 0,
              "state": "pending",
              "speed": null,
              "pass": false,
              "fail": false,
              "pending": true,
              "context": null,
              "code": "",
              "err": {},
              "uuid": "d4bedd53-5f10-409a-8aef-7f5f6fcd54cb",
              "parentUUID": "be48d04a-9190-47b7-bf08-eec6cb06bc9b",
              "isHook": false,
              "skipped": false
            },
            {
              "title": "Listar IDs de reservas utilizando o filtro checkin - @acceptance",
              "fullTitle": "Get Booking Listar IDs de reservas utilizando o filtro checkin - @acceptance",
              "timedOut": null,
              "duration": 0,
              "state": "pending",
              "speed": null,
              "pass": false,
              "fail": false,
              "pending": true,
              "context": null,
              "code": "",
              "err": {},
              "uuid": "fa1443bd-6857-4028-9283-0616b446b33d",
              "parentUUID": "be48d04a-9190-47b7-bf08-eec6cb06bc9b",
              "isHook": false,
              "skipped": false
            },
            {
              "title": "Listar IDs de reservas utilizando o filtro checkout - @acceptance",
              "fullTitle": "Get Booking Listar IDs de reservas utilizando o filtro checkout - @acceptance",
              "timedOut": null,
              "duration": 0,
              "state": "pending",
              "speed": null,
              "pass": false,
              "fail": false,
              "pending": true,
              "context": null,
              "code": "",
              "err": {},
              "uuid": "5aa9f570-80db-4b2b-89ef-f34e8684385a",
              "parentUUID": "be48d04a-9190-47b7-bf08-eec6cb06bc9b",
              "isHook": false,
              "skipped": false
            },
            {
              "title": "Listar IDs de reservas utilizando o filtro checkout and checkout - @acceptance",
              "fullTitle": "Get Booking Listar IDs de reservas utilizando o filtro checkout and checkout - @acceptance",
              "timedOut": null,
              "duration": 0,
              "state": "pending",
              "speed": null,
              "pass": false,
              "fail": false,
              "pending": true,
              "context": null,
              "code": "",
              "err": {},
              "uuid": "d5ccbde2-3fea-48ae-a245-d5aafb05cd3c",
              "parentUUID": "be48d04a-9190-47b7-bf08-eec6cb06bc9b",
              "isHook": false,
              "skipped": false
            },
            {
              "title": "Listar IDs de reservas utilizando o filtro name, checkin and checkout date - @acceptance",
              "fullTitle": "Get Booking Listar IDs de reservas utilizando o filtro name, checkin and checkout date - @acceptance",
              "timedOut": null,
              "duration": 0,
              "state": "pending",
              "speed": null,
              "pass": false,
              "fail": false,
              "pending": true,
              "context": null,
              "code": "",
              "err": {},
              "uuid": "197ea960-cd78-4e65-89a8-6cb81fefca29",
              "parentUUID": "be48d04a-9190-47b7-bf08-eec6cb06bc9b",
              "isHook": false,
              "skipped": false
            },
            {
              "title": "Visualizar erro de servidor 500 quando enviar filtro mal formatado - @e2e",
              "fullTitle": "Get Booking Visualizar erro de servidor 500 quando enviar filtro mal formatado - @e2e",
              "timedOut": null,
              "duration": 265,
              "state": "passed",
              "speed": "slow",
              "pass": true,
              "fail": false,
              "pending": false,
              "context": null,
              "code": "cy.allBookingsWithQueryParam('name=Eric&checkin=2016-07-07&checkout=AA').should(function (response) {\n  expect(response.status).to.eq(500);\n});",
              "err": {},
              "uuid": "c238db6a-4d1e-45e0-8ced-8423d320c847",
              "parentUUID": "be48d04a-9190-47b7-bf08-eec6cb06bc9b",
              "isHook": false,
              "skipped": false
            },
            {
              "title": "Garantir o contrato do retorno da alista de reservas - @contract",
              "fullTitle": "Get Booking Garantir o contrato do retorno da alista de reservas - @contract",
              "timedOut": null,
              "duration": 0,
              "state": "pending",
              "speed": null,
              "pass": false,
              "fail": false,
              "pending": true,
              "context": null,
              "code": "",
              "err": {},
              "uuid": "86888cab-ea66-4783-9c7a-e5bd7ce9e186",
              "parentUUID": "be48d04a-9190-47b7-bf08-eec6cb06bc9b",
              "isHook": false,
              "skipped": false
            }
          ],
          "suites": [],
          "passes": [
            "c238db6a-4d1e-45e0-8ced-8423d320c847"
          ],
          "failures": [],
          "pending": [
            "8ef12dc3-3aa9-4ccc-a170-73ee02e4b4af",
            "02a48a9f-fed0-4264-a20e-11467d643b81",
            "d4bedd53-5f10-409a-8aef-7f5f6fcd54cb",
            "fa1443bd-6857-4028-9283-0616b446b33d",
            "5aa9f570-80db-4b2b-89ef-f34e8684385a",
            "d5ccbde2-3fea-48ae-a245-d5aafb05cd3c",
            "197ea960-cd78-4e65-89a8-6cb81fefca29",
            "86888cab-ea66-4783-9c7a-e5bd7ce9e186"
          ],
          "skipped": [],
          "duration": 265,
          "root": false,
          "rootEmpty": false,
          "_timeout": 2000
        }
      ],
      "passes": [],
      "failures": [],
      "pending": [],
      "skipped": [],
      "duration": 0,
      "root": true,
      "rootEmpty": true,
      "_timeout": 2000
    }
  ],
  "meta": {
    "mocha": {
      "version": "7.0.1"
    },
    "mochawesome": {
      "options": {
        "quiet": false,
        "reportFilename": "mochawesome",
        "saveHtml": false,
        "saveJson": true,
        "consoleReporter": "spec",
        "useInlineDiffs": false,
        "code": true
      },
      "version": "6.1.0"
    },
    "marge": {
      "options": {
        "reportDir": "mochawesome-report/json",
        "overwrite": false,
        "html": false,
        "json": true
      },
      "version": "5.2.0"
    }
  }
}