{
  "stats": {
    "suites": 1,
    "tests": 1,
    "passes": 1,
    "pending": 0,
    "failures": 0,
    "start": "2021-06-21T12:19:43.484Z",
    "end": "2021-06-21T12:19:44.427Z",
    "duration": 943,
    "testsRegistered": 1,
    "passPercent": 100,
    "pendingPercent": 0,
    "other": 0,
    "hasOther": false,
    "skipped": 0,
    "hasSkipped": false
  },
  "results": [
    {
      "uuid": "3dca890a-24dd-4cc4-9695-8b709bc48ae5",
      "title": "",
      "fullFile": "cypress/integration/services/healthCheck.spec.js",
      "file": "cypress/integration/services/healthCheck.spec.js",
      "beforeHooks": [],
      "afterHooks": [],
      "tests": [],
      "suites": [
        {
          "uuid": "483d1412-91ce-48d9-acee-f1d7332e3310",
          "title": "Health check - @healthcheck",
          "fullFile": "",
          "file": "",
          "beforeHooks": [],
          "afterHooks": [],
          "tests": [
            {
              "title": "healthcheck",
              "fullTitle": "Health check - @healthcheck healthcheck",
              "timedOut": null,
              "duration": 857,
              "state": "passed",
              "speed": "slow",
              "pass": true,
              "fail": false,
              "pending": false,
              "context": null,
              "code": "cy.healthcheck().should(function (response) {\n  expect(response.status).to.eq(201);\n});",
              "err": {},
              "uuid": "321d03d6-00fa-4ebb-9a34-b713e9172a09",
              "parentUUID": "483d1412-91ce-48d9-acee-f1d7332e3310",
              "isHook": false,
              "skipped": false
            }
          ],
          "suites": [],
          "passes": [
            "321d03d6-00fa-4ebb-9a34-b713e9172a09"
          ],
          "failures": [],
          "pending": [],
          "skipped": [],
          "duration": 857,
          "root": false,
          "rootEmpty": false,
          "_timeout": 2000
        }
      ],
      "passes": [],
      "failures": [],
      "pending": [],
      "skipped": [],
      "duration": 0,
      "root": true,
      "rootEmpty": true,
      "_timeout": 2000
    }
  ],
  "meta": {
    "mocha": {
      "version": "7.0.1"
    },
    "mochawesome": {
      "options": {
        "quiet": false,
        "reportFilename": "mochawesome",
        "saveHtml": false,
        "saveJson": true,
        "consoleReporter": "spec",
        "useInlineDiffs": false,
        "code": true
      },
      "version": "6.1.0"
    },
    "marge": {
      "options": {
        "reportDir": "mochawesome-report/json",
        "overwrite": false,
        "html": false,
        "json": true
      },
      "version": "5.2.0"
    }
  }
}