{
  "stats": {
    "suites": 1,
    "tests": 1,
    "passes": 0,
    "pending": 5,
    "failures": -4,
    "start": "2021-06-21T12:19:46.494Z",
    "end": "2021-06-21T12:19:46.549Z",
    "duration": 55,
    "testsRegistered": 5,
    "passPercent": null,
    "pendingPercent": 100,
    "other": 4,
    "hasOther": true,
    "skipped": 4,
    "hasSkipped": true
  },
  "results": [
    {
      "uuid": "345aa20d-32ab-42cb-9786-7aec9a765fed",
      "title": "",
      "fullFile": "cypress/integration/services/UpdateBooking.spec.js",
      "file": "cypress/integration/services/UpdateBooking.spec.js",
      "beforeHooks": [],
      "afterHooks": [],
      "tests": [],
      "suites": [
        {
          "uuid": "b5c190be-d7c2-4fd3-b167-d8dbba26cb64",
          "title": "Put Booking",
          "fullFile": "",
          "file": "",
          "beforeHooks": [],
          "afterHooks": [],
          "tests": [
            {
              "title": "Alterar um reserva usando token - @acceptance",
              "fullTitle": "Put Booking Alterar um reserva usando token - @acceptance",
              "timedOut": null,
              "duration": 0,
              "state": "pending",
              "speed": null,
              "pass": false,
              "fail": false,
              "pending": true,
              "context": null,
              "code": "",
              "err": {},
              "uuid": "f257b82f-5508-446e-b675-02b90b017db1",
              "parentUUID": "b5c190be-d7c2-4fd3-b167-d8dbba26cb64",
              "isHook": false,
              "skipped": false
            },
            {
              "title": "Alterar uma reserva usando o Basic auth - @acceptance",
              "fullTitle": "Put Booking Alterar uma reserva usando o Basic auth - @acceptance",
              "timedOut": null,
              "duration": 0,
              "state": "pending",
              "speed": null,
              "pass": false,
              "fail": false,
              "pending": true,
              "context": null,
              "code": "",
              "err": {},
              "uuid": "b7055f44-e62f-404b-a68f-7e39944d60f7",
              "parentUUID": "b5c190be-d7c2-4fd3-b167-d8dbba26cb64",
              "isHook": false,
              "skipped": false
            },
            {
              "title": "Tentar alterar uma reserva quando o token não for enviado - @e2e",
              "fullTitle": "Put Booking Tentar alterar uma reserva quando o token não for enviado - @e2e",
              "timedOut": null,
              "duration": 0,
              "state": "pending",
              "speed": null,
              "pass": false,
              "fail": false,
              "pending": true,
              "context": null,
              "code": "",
              "err": {},
              "uuid": "c76149bb-d0d0-45e4-996b-ccfb10d1ce66",
              "parentUUID": "b5c190be-d7c2-4fd3-b167-d8dbba26cb64",
              "isHook": false,
              "skipped": false
            },
            {
              "title": "Tentar alterar uma reserva quando o token enviado for inválido - @e2e",
              "fullTitle": "Put Booking Tentar alterar uma reserva quando o token enviado for inválido - @e2e",
              "timedOut": null,
              "duration": 0,
              "state": "pending",
              "speed": null,
              "pass": false,
              "fail": false,
              "pending": true,
              "context": null,
              "code": "",
              "err": {},
              "uuid": "a7a84124-3846-4b94-9289-84f100b184dc",
              "parentUUID": "b5c190be-d7c2-4fd3-b167-d8dbba26cb64",
              "isHook": false,
              "skipped": false
            },
            {
              "title": "Tentar alterar uma reserva quando o token enviado for inválido - @e2e",
              "fullTitle": "Put Booking Tentar alterar uma reserva quando o token enviado for inválido - @e2e",
              "timedOut": null,
              "duration": 0,
              "state": "pending",
              "speed": null,
              "pass": false,
              "fail": false,
              "pending": true,
              "context": null,
              "code": "",
              "err": {},
              "uuid": "48b2f2aa-88b6-4213-a3cc-8e66571f8f4a",
              "parentUUID": "b5c190be-d7c2-4fd3-b167-d8dbba26cb64",
              "isHook": false,
              "skipped": false
            }
          ],
          "suites": [],
          "passes": [],
          "failures": [],
          "pending": [
            "f257b82f-5508-446e-b675-02b90b017db1",
            "b7055f44-e62f-404b-a68f-7e39944d60f7",
            "c76149bb-d0d0-45e4-996b-ccfb10d1ce66",
            "a7a84124-3846-4b94-9289-84f100b184dc",
            "48b2f2aa-88b6-4213-a3cc-8e66571f8f4a"
          ],
          "skipped": [],
          "duration": 0,
          "root": false,
          "rootEmpty": false,
          "_timeout": 2000
        }
      ],
      "passes": [],
      "failures": [],
      "pending": [],
      "skipped": [],
      "duration": 0,
      "root": true,
      "rootEmpty": true,
      "_timeout": 2000
    }
  ],
  "meta": {
    "mocha": {
      "version": "7.0.1"
    },
    "mochawesome": {
      "options": {
        "quiet": false,
        "reportFilename": "mochawesome",
        "saveHtml": false,
        "saveJson": true,
        "consoleReporter": "spec",
        "useInlineDiffs": false,
        "code": true
      },
      "version": "6.1.0"
    },
    "marge": {
      "options": {
        "reportDir": "mochawesome-report/json",
        "overwrite": false,
        "html": false,
        "json": true
      },
      "version": "5.2.0"
    }
  }
}