{
  "stats": {
    "suites": 1,
    "tests": 1,
    "passes": 1,
    "pending": 0,
    "failures": 0,
    "start": "2021-06-21T12:29:03.207Z",
    "end": "2021-06-21T12:29:04.208Z",
    "duration": 1001,
    "testsRegistered": 1,
    "passPercent": 100,
    "pendingPercent": 0,
    "other": 0,
    "hasOther": false,
    "skipped": 0,
    "hasSkipped": false
  },
  "results": [
    {
      "uuid": "197a3c20-5f91-4c37-b1a3-4d210bb591bb",
      "title": "",
      "fullFile": "cypress/integration/services/GetBooking.spec.js",
      "file": "cypress/integration/services/GetBooking.spec.js",
      "beforeHooks": [],
      "afterHooks": [],
      "tests": [],
      "suites": [
        {
          "uuid": "78f58acd-f633-4f7e-8b9b-474c92d38910",
          "title": "Get Booking",
          "fullFile": "",
          "file": "",
          "beforeHooks": [],
          "afterHooks": [],
          "tests": [
            {
              "title": "Garantir o contrato do retorno de uma reserva específica - @contract",
              "fullTitle": "Get Booking Garantir o contrato do retorno de uma reserva específica - @contract",
              "timedOut": null,
              "duration": 925,
              "state": "passed",
              "speed": "slow",
              "pass": true,
              "fail": false,
              "pending": false,
              "context": null,
              "code": "cy.booking(1).should(function (response) {\n  return _booking[\"default\"].validateAsync(response.body);\n});",
              "err": {},
              "uuid": "c521eeba-b2e2-4d30-a53c-095f7da59152",
              "parentUUID": "78f58acd-f633-4f7e-8b9b-474c92d38910",
              "isHook": false,
              "skipped": false
            }
          ],
          "suites": [],
          "passes": [
            "c521eeba-b2e2-4d30-a53c-095f7da59152"
          ],
          "failures": [],
          "pending": [],
          "skipped": [],
          "duration": 925,
          "root": false,
          "rootEmpty": false,
          "_timeout": 2000
        }
      ],
      "passes": [],
      "failures": [],
      "pending": [],
      "skipped": [],
      "duration": 0,
      "root": true,
      "rootEmpty": true,
      "_timeout": 2000
    }
  ],
  "meta": {
    "mocha": {
      "version": "7.0.1"
    },
    "mochawesome": {
      "options": {
        "quiet": false,
        "reportFilename": "mochawesome",
        "saveHtml": false,
        "saveJson": true,
        "consoleReporter": "spec",
        "useInlineDiffs": false,
        "code": true
      },
      "version": "6.1.0"
    },
    "marge": {
      "options": {
        "reportDir": "mochawesome-report/json",
        "overwrite": false,
        "html": false,
        "json": true
      },
      "version": "5.2.0"
    }
  }
}