{
  "stats": {
    "suites": 1,
    "tests": 1,
    "passes": 0,
    "pending": 9,
    "failures": -8,
    "start": "2021-06-21T12:18:33.281Z",
    "end": "2021-06-21T12:18:33.335Z",
    "duration": 54,
    "testsRegistered": 9,
    "passPercent": null,
    "pendingPercent": 100,
    "other": 8,
    "hasOther": true,
    "skipped": 8,
    "hasSkipped": true
  },
  "results": [
    {
      "uuid": "ea312306-5754-46fa-916c-4d44f440d78e",
      "title": "",
      "fullFile": "cypress/integration/services/GetBookingIds.spec.js",
      "file": "cypress/integration/services/GetBookingIds.spec.js",
      "beforeHooks": [],
      "afterHooks": [],
      "tests": [],
      "suites": [
        {
          "uuid": "4f8a0a0c-1b43-465b-b9a2-22dc1bca953f",
          "title": "Get Booking",
          "fullFile": "",
          "file": "",
          "beforeHooks": [],
          "afterHooks": [],
          "tests": [
            {
              "title": "Listar IDs das reservar - @acceptance",
              "fullTitle": "Get Booking Listar IDs das reservar - @acceptance",
              "timedOut": null,
              "duration": 0,
              "state": "pending",
              "speed": null,
              "pass": false,
              "fail": false,
              "pending": true,
              "context": null,
              "code": "",
              "err": {},
              "uuid": "fe26452a-9ad6-4a98-9581-92b153a579e0",
              "parentUUID": "4f8a0a0c-1b43-465b-b9a2-22dc1bca953f",
              "isHook": false,
              "skipped": false
            },
            {
              "title": "Listar IDs de reservas utilizando o filtro firstname - @acceptance",
              "fullTitle": "Get Booking Listar IDs de reservas utilizando o filtro firstname - @acceptance",
              "timedOut": null,
              "duration": 0,
              "state": "pending",
              "speed": null,
              "pass": false,
              "fail": false,
              "pending": true,
              "context": null,
              "code": "",
              "err": {},
              "uuid": "e2f753c4-7e92-4f74-8148-bdbc4f30c73f",
              "parentUUID": "4f8a0a0c-1b43-465b-b9a2-22dc1bca953f",
              "isHook": false,
              "skipped": false
            },
            {
              "title": "Listar IDs de reservas utilizando o filtro lastname - @acceptance",
              "fullTitle": "Get Booking Listar IDs de reservas utilizando o filtro lastname - @acceptance",
              "timedOut": null,
              "duration": 0,
              "state": "pending",
              "speed": null,
              "pass": false,
              "fail": false,
              "pending": true,
              "context": null,
              "code": "",
              "err": {},
              "uuid": "a05b77f2-2ea4-42a1-b1bd-8552bcd8552b",
              "parentUUID": "4f8a0a0c-1b43-465b-b9a2-22dc1bca953f",
              "isHook": false,
              "skipped": false
            },
            {
              "title": "Listar IDs de reservas utilizando o filtro checkin - @acceptance",
              "fullTitle": "Get Booking Listar IDs de reservas utilizando o filtro checkin - @acceptance",
              "timedOut": null,
              "duration": 0,
              "state": "pending",
              "speed": null,
              "pass": false,
              "fail": false,
              "pending": true,
              "context": null,
              "code": "",
              "err": {},
              "uuid": "46d67799-eebb-46a3-95c5-c0ef0f352e6a",
              "parentUUID": "4f8a0a0c-1b43-465b-b9a2-22dc1bca953f",
              "isHook": false,
              "skipped": false
            },
            {
              "title": "Listar IDs de reservas utilizando o filtro checkout - @acceptance",
              "fullTitle": "Get Booking Listar IDs de reservas utilizando o filtro checkout - @acceptance",
              "timedOut": null,
              "duration": 0,
              "state": "pending",
              "speed": null,
              "pass": false,
              "fail": false,
              "pending": true,
              "context": null,
              "code": "",
              "err": {},
              "uuid": "b05fad89-df9d-40b1-84cc-fb2466265ac9",
              "parentUUID": "4f8a0a0c-1b43-465b-b9a2-22dc1bca953f",
              "isHook": false,
              "skipped": false
            },
            {
              "title": "Listar IDs de reservas utilizando o filtro checkout and checkout - @acceptance",
              "fullTitle": "Get Booking Listar IDs de reservas utilizando o filtro checkout and checkout - @acceptance",
              "timedOut": null,
              "duration": 0,
              "state": "pending",
              "speed": null,
              "pass": false,
              "fail": false,
              "pending": true,
              "context": null,
              "code": "",
              "err": {},
              "uuid": "ee6af18a-e674-42bd-8944-cbc25efbc022",
              "parentUUID": "4f8a0a0c-1b43-465b-b9a2-22dc1bca953f",
              "isHook": false,
              "skipped": false
            },
            {
              "title": "Listar IDs de reservas utilizando o filtro name, checkin and checkout date - @acceptance",
              "fullTitle": "Get Booking Listar IDs de reservas utilizando o filtro name, checkin and checkout date - @acceptance",
              "timedOut": null,
              "duration": 0,
              "state": "pending",
              "speed": null,
              "pass": false,
              "fail": false,
              "pending": true,
              "context": null,
              "code": "",
              "err": {},
              "uuid": "4f271f2c-f575-4268-90fc-aa1eca4945e3",
              "parentUUID": "4f8a0a0c-1b43-465b-b9a2-22dc1bca953f",
              "isHook": false,
              "skipped": false
            },
            {
              "title": "Visualizar erro de servidor 500 quando enviar filtro mal formatado - @e2e",
              "fullTitle": "Get Booking Visualizar erro de servidor 500 quando enviar filtro mal formatado - @e2e",
              "timedOut": null,
              "duration": 0,
              "state": "pending",
              "speed": null,
              "pass": false,
              "fail": false,
              "pending": true,
              "context": null,
              "code": "",
              "err": {},
              "uuid": "71b72571-260e-45f8-bcdb-c1b7f9daa585",
              "parentUUID": "4f8a0a0c-1b43-465b-b9a2-22dc1bca953f",
              "isHook": false,
              "skipped": false
            },
            {
              "title": "Garantir o contrato do retorno da alista de reservas - @contract",
              "fullTitle": "Get Booking Garantir o contrato do retorno da alista de reservas - @contract",
              "timedOut": null,
              "duration": 0,
              "state": "pending",
              "speed": null,
              "pass": false,
              "fail": false,
              "pending": true,
              "context": null,
              "code": "",
              "err": {},
              "uuid": "f3394f9e-78a1-46e4-a50e-0ecc48678dd6",
              "parentUUID": "4f8a0a0c-1b43-465b-b9a2-22dc1bca953f",
              "isHook": false,
              "skipped": false
            }
          ],
          "suites": [],
          "passes": [],
          "failures": [],
          "pending": [
            "fe26452a-9ad6-4a98-9581-92b153a579e0",
            "e2f753c4-7e92-4f74-8148-bdbc4f30c73f",
            "a05b77f2-2ea4-42a1-b1bd-8552bcd8552b",
            "46d67799-eebb-46a3-95c5-c0ef0f352e6a",
            "b05fad89-df9d-40b1-84cc-fb2466265ac9",
            "ee6af18a-e674-42bd-8944-cbc25efbc022",
            "4f271f2c-f575-4268-90fc-aa1eca4945e3",
            "71b72571-260e-45f8-bcdb-c1b7f9daa585",
            "f3394f9e-78a1-46e4-a50e-0ecc48678dd6"
          ],
          "skipped": [],
          "duration": 0,
          "root": false,
          "rootEmpty": false,
          "_timeout": 2000
        }
      ],
      "passes": [],
      "failures": [],
      "pending": [],
      "skipped": [],
      "duration": 0,
      "root": true,
      "rootEmpty": true,
      "_timeout": 2000
    }
  ],
  "meta": {
    "mocha": {
      "version": "7.0.1"
    },
    "mochawesome": {
      "options": {
        "quiet": false,
        "reportFilename": "mochawesome",
        "saveHtml": false,
        "saveJson": true,
        "consoleReporter": "spec",
        "useInlineDiffs": false,
        "code": true
      },
      "version": "6.1.0"
    },
    "marge": {
      "options": {
        "reportDir": "mochawesome-report/json",
        "overwrite": false,
        "html": false,
        "json": true
      },
      "version": "5.2.0"
    }
  }
}