{
  "stats": {
    "suites": 1,
    "tests": 1,
    "passes": 1,
    "pending": 8,
    "failures": -8,
    "start": "2021-06-21T12:29:06.278Z",
    "end": "2021-06-21T12:29:06.616Z",
    "duration": 338,
    "testsRegistered": 9,
    "passPercent": 100,
    "pendingPercent": 88.88888888888889,
    "other": 8,
    "hasOther": true,
    "skipped": 8,
    "hasSkipped": true
  },
  "results": [
    {
      "uuid": "e43fc514-e9ae-4620-a764-de13ea83fa35",
      "title": "",
      "fullFile": "cypress/integration/services/GetBookingIds.spec.js",
      "file": "cypress/integration/services/GetBookingIds.spec.js",
      "beforeHooks": [],
      "afterHooks": [],
      "tests": [],
      "suites": [
        {
          "uuid": "1798d74b-a114-44e5-b915-0bb086aac8e7",
          "title": "Get Booking",
          "fullFile": "",
          "file": "",
          "beforeHooks": [],
          "afterHooks": [],
          "tests": [
            {
              "title": "Listar IDs das reservar - @acceptance",
              "fullTitle": "Get Booking Listar IDs das reservar - @acceptance",
              "timedOut": null,
              "duration": 0,
              "state": "pending",
              "speed": null,
              "pass": false,
              "fail": false,
              "pending": true,
              "context": null,
              "code": "",
              "err": {},
              "uuid": "1aa7f909-8666-4224-8755-f51a32c6784a",
              "parentUUID": "1798d74b-a114-44e5-b915-0bb086aac8e7",
              "isHook": false,
              "skipped": false
            },
            {
              "title": "Listar IDs de reservas utilizando o filtro firstname - @acceptance",
              "fullTitle": "Get Booking Listar IDs de reservas utilizando o filtro firstname - @acceptance",
              "timedOut": null,
              "duration": 0,
              "state": "pending",
              "speed": null,
              "pass": false,
              "fail": false,
              "pending": true,
              "context": null,
              "code": "",
              "err": {},
              "uuid": "3a62d804-c137-41f4-9647-da6d672064d6",
              "parentUUID": "1798d74b-a114-44e5-b915-0bb086aac8e7",
              "isHook": false,
              "skipped": false
            },
            {
              "title": "Listar IDs de reservas utilizando o filtro lastname - @acceptance",
              "fullTitle": "Get Booking Listar IDs de reservas utilizando o filtro lastname - @acceptance",
              "timedOut": null,
              "duration": 0,
              "state": "pending",
              "speed": null,
              "pass": false,
              "fail": false,
              "pending": true,
              "context": null,
              "code": "",
              "err": {},
              "uuid": "8e152b6f-46fc-4c80-9edd-aba7fe37538c",
              "parentUUID": "1798d74b-a114-44e5-b915-0bb086aac8e7",
              "isHook": false,
              "skipped": false
            },
            {
              "title": "Listar IDs de reservas utilizando o filtro checkin - @acceptance",
              "fullTitle": "Get Booking Listar IDs de reservas utilizando o filtro checkin - @acceptance",
              "timedOut": null,
              "duration": 0,
              "state": "pending",
              "speed": null,
              "pass": false,
              "fail": false,
              "pending": true,
              "context": null,
              "code": "",
              "err": {},
              "uuid": "c677f45b-3b1b-467d-8bec-b6817aa0aed5",
              "parentUUID": "1798d74b-a114-44e5-b915-0bb086aac8e7",
              "isHook": false,
              "skipped": false
            },
            {
              "title": "Listar IDs de reservas utilizando o filtro checkout - @acceptance",
              "fullTitle": "Get Booking Listar IDs de reservas utilizando o filtro checkout - @acceptance",
              "timedOut": null,
              "duration": 0,
              "state": "pending",
              "speed": null,
              "pass": false,
              "fail": false,
              "pending": true,
              "context": null,
              "code": "",
              "err": {},
              "uuid": "8146dc97-2727-4a3c-9c47-ffcbfd3864d6",
              "parentUUID": "1798d74b-a114-44e5-b915-0bb086aac8e7",
              "isHook": false,
              "skipped": false
            },
            {
              "title": "Listar IDs de reservas utilizando o filtro checkout and checkout - @acceptance",
              "fullTitle": "Get Booking Listar IDs de reservas utilizando o filtro checkout and checkout - @acceptance",
              "timedOut": null,
              "duration": 0,
              "state": "pending",
              "speed": null,
              "pass": false,
              "fail": false,
              "pending": true,
              "context": null,
              "code": "",
              "err": {},
              "uuid": "efc5cfe8-705e-45e3-8464-0ccd9e5f9087",
              "parentUUID": "1798d74b-a114-44e5-b915-0bb086aac8e7",
              "isHook": false,
              "skipped": false
            },
            {
              "title": "Listar IDs de reservas utilizando o filtro name, checkin and checkout date - @acceptance",
              "fullTitle": "Get Booking Listar IDs de reservas utilizando o filtro name, checkin and checkout date - @acceptance",
              "timedOut": null,
              "duration": 0,
              "state": "pending",
              "speed": null,
              "pass": false,
              "fail": false,
              "pending": true,
              "context": null,
              "code": "",
              "err": {},
              "uuid": "4d731fcd-9b73-48c0-b3c3-f2e48f666092",
              "parentUUID": "1798d74b-a114-44e5-b915-0bb086aac8e7",
              "isHook": false,
              "skipped": false
            },
            {
              "title": "Visualizar erro de servidor 500 quando enviar filtro mal formatado - @e2e",
              "fullTitle": "Get Booking Visualizar erro de servidor 500 quando enviar filtro mal formatado - @e2e",
              "timedOut": null,
              "duration": 0,
              "state": "pending",
              "speed": null,
              "pass": false,
              "fail": false,
              "pending": true,
              "context": null,
              "code": "",
              "err": {},
              "uuid": "c45ab009-eac6-4243-904d-683e5434ffc6",
              "parentUUID": "1798d74b-a114-44e5-b915-0bb086aac8e7",
              "isHook": false,
              "skipped": false
            },
            {
              "title": "Garantir o contrato do retorno da alista de reservas - @contract",
              "fullTitle": "Get Booking Garantir o contrato do retorno da alista de reservas - @contract",
              "timedOut": null,
              "duration": 229,
              "state": "passed",
              "speed": "slow",
              "pass": true,
              "fail": false,
              "pending": false,
              "context": null,
              "code": "cy.allBookings().should(function (response) {\n  return _bookingIds[\"default\"].validateAsync(response.body);\n});",
              "err": {},
              "uuid": "7ec4c81b-f481-4816-96f0-a83d984afbb2",
              "parentUUID": "1798d74b-a114-44e5-b915-0bb086aac8e7",
              "isHook": false,
              "skipped": false
            }
          ],
          "suites": [],
          "passes": [
            "7ec4c81b-f481-4816-96f0-a83d984afbb2"
          ],
          "failures": [],
          "pending": [
            "1aa7f909-8666-4224-8755-f51a32c6784a",
            "3a62d804-c137-41f4-9647-da6d672064d6",
            "8e152b6f-46fc-4c80-9edd-aba7fe37538c",
            "c677f45b-3b1b-467d-8bec-b6817aa0aed5",
            "8146dc97-2727-4a3c-9c47-ffcbfd3864d6",
            "efc5cfe8-705e-45e3-8464-0ccd9e5f9087",
            "4d731fcd-9b73-48c0-b3c3-f2e48f666092",
            "c45ab009-eac6-4243-904d-683e5434ffc6"
          ],
          "skipped": [],
          "duration": 229,
          "root": false,
          "rootEmpty": false,
          "_timeout": 2000
        }
      ],
      "passes": [],
      "failures": [],
      "pending": [],
      "skipped": [],
      "duration": 0,
      "root": true,
      "rootEmpty": true,
      "_timeout": 2000
    }
  ],
  "meta": {
    "mocha": {
      "version": "7.0.1"
    },
    "mochawesome": {
      "options": {
        "quiet": false,
        "reportFilename": "mochawesome",
        "saveHtml": false,
        "saveJson": true,
        "consoleReporter": "spec",
        "useInlineDiffs": false,
        "code": true
      },
      "version": "6.1.0"
    },
    "marge": {
      "options": {
        "reportDir": "mochawesome-report/json",
        "overwrite": false,
        "html": false,
        "json": true
      },
      "version": "5.2.0"
    }
  }
}