{
  "stats": {
    "suites": 1,
    "tests": 2,
    "passes": 1,
    "pending": 4,
    "failures": -3,
    "start": "2021-06-21T12:43:13.084Z",
    "end": "2021-06-21T12:43:14.042Z",
    "duration": 958,
    "testsRegistered": 5,
    "passPercent": 100,
    "pendingPercent": 80,
    "other": 3,
    "hasOther": true,
    "skipped": 3,
    "hasSkipped": true
  },
  "results": [
    {
      "uuid": "5ec8f7b0-af98-446d-992c-9dc11dd8ab63",
      "title": "",
      "fullFile": "cypress/integration/services/CreateBooking.spec.js",
      "file": "cypress/integration/services/CreateBooking.spec.js",
      "beforeHooks": [],
      "afterHooks": [],
      "tests": [],
      "suites": [
        {
          "uuid": "1192f8d1-f0e5-41ff-be1c-98321fd9cd6f",
          "title": "Create Booking",
          "fullFile": "",
          "file": "",
          "beforeHooks": [],
          "afterHooks": [],
          "tests": [
            {
              "title": "Criar uma nova reserva - @acceptance",
              "fullTitle": "Create Booking Criar uma nova reserva - @acceptance",
              "timedOut": null,
              "duration": 887,
              "state": "passed",
              "speed": "slow",
              "pass": true,
              "fail": false,
              "pending": false,
              "context": null,
              "code": "cy.createBooking().should(function (response) {\n  expect(response.status).to.eq(200);\n  expect(response.body.bookingid).to.be.not[\"null\"];\n});",
              "err": {},
              "uuid": "eab1ee9c-3744-4703-b22d-d3d96d459879",
              "parentUUID": "1192f8d1-f0e5-41ff-be1c-98321fd9cd6f",
              "isHook": false,
              "skipped": false
            },
            {
              "title": "Validar retorno 500 quando o payload da reserva estiver inválido - @e2e",
              "fullTitle": "Create Booking Validar retorno 500 quando o payload da reserva estiver inválido - @e2e",
              "timedOut": null,
              "duration": 0,
              "state": "pending",
              "speed": null,
              "pass": false,
              "fail": false,
              "pending": true,
              "context": null,
              "code": "",
              "err": {},
              "uuid": "7f3603f1-8e6c-4c4a-961d-1f3f42f8ae19",
              "parentUUID": "1192f8d1-f0e5-41ff-be1c-98321fd9cd6f",
              "isHook": false,
              "skipped": false
            },
            {
              "title": "Validar a criacao de mais de um livro em sequencia - @e2e",
              "fullTitle": "Create Booking Validar a criacao de mais de um livro em sequencia - @e2e",
              "timedOut": null,
              "duration": 0,
              "state": "pending",
              "speed": null,
              "pass": false,
              "fail": false,
              "pending": true,
              "context": null,
              "code": "",
              "err": {},
              "uuid": "14ce966d-fd09-4dd4-a718-1ef307a8809d",
              "parentUUID": "1192f8d1-f0e5-41ff-be1c-98321fd9cd6f",
              "isHook": false,
              "skipped": false
            },
            {
              "title": "Criar uma reserva enviando mais parametros no payload da reserva - @e2e",
              "fullTitle": "Create Booking Criar uma reserva enviando mais parametros no payload da reserva - @e2e",
              "timedOut": null,
              "duration": 0,
              "state": "pending",
              "speed": null,
              "pass": false,
              "fail": false,
              "pending": true,
              "context": null,
              "code": "",
              "err": {},
              "uuid": "c3c0ffc2-b56c-4912-af96-cffd769f36d0",
              "parentUUID": "1192f8d1-f0e5-41ff-be1c-98321fd9cd6f",
              "isHook": false,
              "skipped": false
            },
            {
              "title": "Validar retorno 418 quando o header Accept for invalido - @e2e",
              "fullTitle": "Create Booking Validar retorno 418 quando o header Accept for invalido - @e2e",
              "timedOut": null,
              "duration": 0,
              "state": "pending",
              "speed": null,
              "pass": false,
              "fail": false,
              "pending": true,
              "context": null,
              "code": "",
              "err": {},
              "uuid": "44e77608-fcd3-4104-9a2f-e3c5a23448fb",
              "parentUUID": "1192f8d1-f0e5-41ff-be1c-98321fd9cd6f",
              "isHook": false,
              "skipped": false
            }
          ],
          "suites": [],
          "passes": [
            "eab1ee9c-3744-4703-b22d-d3d96d459879"
          ],
          "failures": [],
          "pending": [
            "7f3603f1-8e6c-4c4a-961d-1f3f42f8ae19",
            "14ce966d-fd09-4dd4-a718-1ef307a8809d",
            "c3c0ffc2-b56c-4912-af96-cffd769f36d0",
            "44e77608-fcd3-4104-9a2f-e3c5a23448fb"
          ],
          "skipped": [],
          "duration": 887,
          "root": false,
          "rootEmpty": false,
          "_timeout": 2000
        }
      ],
      "passes": [],
      "failures": [],
      "pending": [],
      "skipped": [],
      "duration": 0,
      "root": true,
      "rootEmpty": true,
      "_timeout": 2000
    }
  ],
  "meta": {
    "mocha": {
      "version": "7.0.1"
    },
    "mochawesome": {
      "options": {
        "quiet": false,
        "reportFilename": "mochawesome",
        "saveHtml": false,
        "saveJson": true,
        "consoleReporter": "spec",
        "useInlineDiffs": false,
        "code": true
      },
      "version": "6.1.0"
    },
    "marge": {
      "options": {
        "reportDir": "mochawesome-report/json",
        "overwrite": false,
        "html": false,
        "json": true
      },
      "version": "5.2.0"
    }
  }
}