{
  "stats": {
    "suites": 1,
    "tests": 8,
    "passes": 7,
    "pending": 2,
    "failures": -1,
    "start": "2021-06-21T13:19:00.922Z",
    "end": "2021-06-21T13:19:02.654Z",
    "duration": 1732,
    "testsRegistered": 9,
    "passPercent": 100,
    "pendingPercent": 22.22222222222222,
    "other": 1,
    "hasOther": true,
    "skipped": 1,
    "hasSkipped": true
  },
  "results": [
    {
      "uuid": "e3deb583-49aa-44a3-8f30-5d980b42d7c8",
      "title": "",
      "fullFile": "cypress/integration/services/GetBookingIds.spec.js",
      "file": "cypress/integration/services/GetBookingIds.spec.js",
      "beforeHooks": [],
      "afterHooks": [],
      "tests": [],
      "suites": [
        {
          "uuid": "d226242e-0a9f-486f-b4c6-b7e2f32feabe",
          "title": "Get Booking",
          "fullFile": "",
          "file": "",
          "beforeHooks": [],
          "afterHooks": [],
          "tests": [
            {
              "title": "Listar IDs das reservar - @acceptance",
              "fullTitle": "Get Booking Listar IDs das reservar - @acceptance",
              "timedOut": null,
              "duration": 242,
              "state": "passed",
              "speed": "slow",
              "pass": true,
              "fail": false,
              "pending": false,
              "context": null,
              "code": "cy.allBookings().should(function (response) {\n  expect(response.status).to.eq(200);\n  expect(response.body).not.to.be[\"null\"];\n});",
              "err": {},
              "uuid": "c9355380-c9f0-4c6d-ba25-3e72ca5d5ea2",
              "parentUUID": "d226242e-0a9f-486f-b4c6-b7e2f32feabe",
              "isHook": false,
              "skipped": false
            },
            {
              "title": "Listar IDs de reservas utilizando o filtro firstname - @acceptance",
              "fullTitle": "Get Booking Listar IDs de reservas utilizando o filtro firstname - @acceptance",
              "timedOut": null,
              "duration": 235,
              "state": "passed",
              "speed": "slow",
              "pass": true,
              "fail": false,
              "pending": false,
              "context": null,
              "code": "cy.allBookingsWithQueryParam('firstname=Mark').should(function (response) {\n  expect(response.status).to.eq(200);\n  expect(response.body).not.to.be[\"null\"];\n});",
              "err": {},
              "uuid": "8518db3c-0b4d-4b71-b755-9abc79773346",
              "parentUUID": "d226242e-0a9f-486f-b4c6-b7e2f32feabe",
              "isHook": false,
              "skipped": false
            },
            {
              "title": "Listar IDs de reservas utilizando o filtro lastname - @acceptance",
              "fullTitle": "Get Booking Listar IDs de reservas utilizando o filtro lastname - @acceptance",
              "timedOut": null,
              "duration": 244,
              "state": "passed",
              "speed": "slow",
              "pass": true,
              "fail": false,
              "pending": false,
              "context": null,
              "code": "cy.allBookingsWithQueryParam('lastname=Jones').should(function (response) {\n  expect(response.status).to.eq(200);\n  expect(response.body).not.to.be[\"null\"];\n});",
              "err": {},
              "uuid": "46c96938-1a31-47f7-ace4-8c82e13fbf38",
              "parentUUID": "d226242e-0a9f-486f-b4c6-b7e2f32feabe",
              "isHook": false,
              "skipped": false
            },
            {
              "title": "Listar IDs de reservas utilizando o filtro checkin - @acceptance",
              "fullTitle": "Get Booking Listar IDs de reservas utilizando o filtro checkin - @acceptance",
              "timedOut": null,
              "duration": 309,
              "state": "passed",
              "speed": "slow",
              "pass": true,
              "fail": false,
              "pending": false,
              "context": null,
              "code": "cy.allBookingsWithQueryParam('checkin=2017-04-07').should(function (response) {\n  expect(response.status).to.eq(200);\n  expect(response.body).not.to.be[\"null\"];\n});",
              "err": {},
              "uuid": "41d30428-3318-485c-b199-fb135cb9a80c",
              "parentUUID": "d226242e-0a9f-486f-b4c6-b7e2f32feabe",
              "isHook": false,
              "skipped": false
            },
            {
              "title": "Listar IDs de reservas utilizando o filtro checkout - @acceptance",
              "fullTitle": "Get Booking Listar IDs de reservas utilizando o filtro checkout - @acceptance",
              "timedOut": null,
              "duration": 208,
              "state": "passed",
              "speed": "slow",
              "pass": true,
              "fail": false,
              "pending": false,
              "context": null,
              "code": "cy.allBookingsWithQueryParam('checkout=2020-12-29').should(function (response) {\n  expect(response.status).to.eq(200);\n  expect(response.body).not.to.be[\"null\"];\n});",
              "err": {},
              "uuid": "3b218ade-e32e-4a3c-b576-ed6729e6e763",
              "parentUUID": "d226242e-0a9f-486f-b4c6-b7e2f32feabe",
              "isHook": false,
              "skipped": false
            },
            {
              "title": "Listar IDs de reservas utilizando o filtro checkout and checkout - @acceptance",
              "fullTitle": "Get Booking Listar IDs de reservas utilizando o filtro checkout and checkout - @acceptance",
              "timedOut": null,
              "duration": 186,
              "state": "passed",
              "speed": "slow",
              "pass": true,
              "fail": false,
              "pending": false,
              "context": null,
              "code": "cy.allBookingsWithQueryParam('checkin=2016-12-10&checkout=2019-09-10').should(function (response) {\n  expect(response.status).to.eq(200);\n  expect(response.body).not.to.be[\"null\"];\n});",
              "err": {},
              "uuid": "31a065cd-9712-4211-9b54-6154dcccbda8",
              "parentUUID": "d226242e-0a9f-486f-b4c6-b7e2f32feabe",
              "isHook": false,
              "skipped": false
            },
            {
              "title": "Listar IDs de reservas utilizando o filtro name, checkin and checkout date - @acceptance",
              "fullTitle": "Get Booking Listar IDs de reservas utilizando o filtro name, checkin and checkout date - @acceptance",
              "timedOut": null,
              "duration": 204,
              "state": "passed",
              "speed": "slow",
              "pass": true,
              "fail": false,
              "pending": false,
              "context": null,
              "code": "cy.allBookingsWithQueryParam('name=Eric&checkin=2016-07-07&checkout=2017-07-24').should(function (response) {\n  expect(response.status).to.eq(200);\n  expect(response.body).not.to.be[\"null\"];\n});",
              "err": {},
              "uuid": "341fc162-3f5a-4038-9a42-f651886d359f",
              "parentUUID": "d226242e-0a9f-486f-b4c6-b7e2f32feabe",
              "isHook": false,
              "skipped": false
            },
            {
              "title": "Visualizar erro de servidor 500 quando enviar filtro mal formatado - @e2e",
              "fullTitle": "Get Booking Visualizar erro de servidor 500 quando enviar filtro mal formatado - @e2e",
              "timedOut": null,
              "duration": 0,
              "state": "pending",
              "speed": null,
              "pass": false,
              "fail": false,
              "pending": true,
              "context": null,
              "code": "",
              "err": {},
              "uuid": "c625e685-09c6-436e-8d12-599192c6310d",
              "parentUUID": "d226242e-0a9f-486f-b4c6-b7e2f32feabe",
              "isHook": false,
              "skipped": false
            },
            {
              "title": "Garantir o contrato do retorno da alista de reservas - @contract",
              "fullTitle": "Get Booking Garantir o contrato do retorno da alista de reservas - @contract",
              "timedOut": null,
              "duration": 0,
              "state": "pending",
              "speed": null,
              "pass": false,
              "fail": false,
              "pending": true,
              "context": null,
              "code": "",
              "err": {},
              "uuid": "9e681c4b-3f0e-488a-95cb-d685e9fbd18f",
              "parentUUID": "d226242e-0a9f-486f-b4c6-b7e2f32feabe",
              "isHook": false,
              "skipped": false
            }
          ],
          "suites": [],
          "passes": [
            "c9355380-c9f0-4c6d-ba25-3e72ca5d5ea2",
            "8518db3c-0b4d-4b71-b755-9abc79773346",
            "46c96938-1a31-47f7-ace4-8c82e13fbf38",
            "41d30428-3318-485c-b199-fb135cb9a80c",
            "3b218ade-e32e-4a3c-b576-ed6729e6e763",
            "31a065cd-9712-4211-9b54-6154dcccbda8",
            "341fc162-3f5a-4038-9a42-f651886d359f"
          ],
          "failures": [],
          "pending": [
            "c625e685-09c6-436e-8d12-599192c6310d",
            "9e681c4b-3f0e-488a-95cb-d685e9fbd18f"
          ],
          "skipped": [],
          "duration": 1628,
          "root": false,
          "rootEmpty": false,
          "_timeout": 2000
        }
      ],
      "passes": [],
      "failures": [],
      "pending": [],
      "skipped": [],
      "duration": 0,
      "root": true,
      "rootEmpty": true,
      "_timeout": 2000
    }
  ],
  "meta": {
    "mocha": {
      "version": "7.0.1"
    },
    "mochawesome": {
      "options": {
        "quiet": false,
        "reportFilename": "mochawesome",
        "saveHtml": false,
        "saveJson": true,
        "consoleReporter": "spec",
        "useInlineDiffs": false,
        "code": true
      },
      "version": "6.1.0"
    },
    "marge": {
      "options": {
        "reportDir": "mochawesome-report/json",
        "overwrite": false,
        "html": false,
        "json": true
      },
      "version": "5.2.0"
    }
  }
}