{
  "stats": {
    "suites": 1,
    "tests": 1,
    "passes": 0,
    "pending": 9,
    "failures": -8,
    "start": "2021-06-21T12:19:41.618Z",
    "end": "2021-06-21T12:19:41.693Z",
    "duration": 75,
    "testsRegistered": 9,
    "passPercent": null,
    "pendingPercent": 100,
    "other": 8,
    "hasOther": true,
    "skipped": 8,
    "hasSkipped": true
  },
  "results": [
    {
      "uuid": "4e1dbad4-aed4-4810-9a92-17358305fd3d",
      "title": "",
      "fullFile": "cypress/integration/services/GetBookingIds.spec.js",
      "file": "cypress/integration/services/GetBookingIds.spec.js",
      "beforeHooks": [],
      "afterHooks": [],
      "tests": [],
      "suites": [
        {
          "uuid": "61e83a9d-95b7-47a2-afcf-990fb9586367",
          "title": "Get Booking",
          "fullFile": "",
          "file": "",
          "beforeHooks": [],
          "afterHooks": [],
          "tests": [
            {
              "title": "Listar IDs das reservar - @acceptance",
              "fullTitle": "Get Booking Listar IDs das reservar - @acceptance",
              "timedOut": null,
              "duration": 0,
              "state": "pending",
              "speed": null,
              "pass": false,
              "fail": false,
              "pending": true,
              "context": null,
              "code": "",
              "err": {},
              "uuid": "f3f00557-f634-4ec8-9c68-071f0662ba10",
              "parentUUID": "61e83a9d-95b7-47a2-afcf-990fb9586367",
              "isHook": false,
              "skipped": false
            },
            {
              "title": "Listar IDs de reservas utilizando o filtro firstname - @acceptance",
              "fullTitle": "Get Booking Listar IDs de reservas utilizando o filtro firstname - @acceptance",
              "timedOut": null,
              "duration": 0,
              "state": "pending",
              "speed": null,
              "pass": false,
              "fail": false,
              "pending": true,
              "context": null,
              "code": "",
              "err": {},
              "uuid": "0f6cf78d-7a30-4002-8752-3d2fcf6efdda",
              "parentUUID": "61e83a9d-95b7-47a2-afcf-990fb9586367",
              "isHook": false,
              "skipped": false
            },
            {
              "title": "Listar IDs de reservas utilizando o filtro lastname - @acceptance",
              "fullTitle": "Get Booking Listar IDs de reservas utilizando o filtro lastname - @acceptance",
              "timedOut": null,
              "duration": 0,
              "state": "pending",
              "speed": null,
              "pass": false,
              "fail": false,
              "pending": true,
              "context": null,
              "code": "",
              "err": {},
              "uuid": "3861d5f9-de80-45c7-afec-70176b0e9676",
              "parentUUID": "61e83a9d-95b7-47a2-afcf-990fb9586367",
              "isHook": false,
              "skipped": false
            },
            {
              "title": "Listar IDs de reservas utilizando o filtro checkin - @acceptance",
              "fullTitle": "Get Booking Listar IDs de reservas utilizando o filtro checkin - @acceptance",
              "timedOut": null,
              "duration": 0,
              "state": "pending",
              "speed": null,
              "pass": false,
              "fail": false,
              "pending": true,
              "context": null,
              "code": "",
              "err": {},
              "uuid": "8751ebe7-ee00-44e7-9f95-ba6f9be8770b",
              "parentUUID": "61e83a9d-95b7-47a2-afcf-990fb9586367",
              "isHook": false,
              "skipped": false
            },
            {
              "title": "Listar IDs de reservas utilizando o filtro checkout - @acceptance",
              "fullTitle": "Get Booking Listar IDs de reservas utilizando o filtro checkout - @acceptance",
              "timedOut": null,
              "duration": 0,
              "state": "pending",
              "speed": null,
              "pass": false,
              "fail": false,
              "pending": true,
              "context": null,
              "code": "",
              "err": {},
              "uuid": "57b217e9-718b-42a3-98df-f8bb257941f8",
              "parentUUID": "61e83a9d-95b7-47a2-afcf-990fb9586367",
              "isHook": false,
              "skipped": false
            },
            {
              "title": "Listar IDs de reservas utilizando o filtro checkout and checkout - @acceptance",
              "fullTitle": "Get Booking Listar IDs de reservas utilizando o filtro checkout and checkout - @acceptance",
              "timedOut": null,
              "duration": 0,
              "state": "pending",
              "speed": null,
              "pass": false,
              "fail": false,
              "pending": true,
              "context": null,
              "code": "",
              "err": {},
              "uuid": "d7b3c52b-b959-4cdb-a213-c5a020d5d214",
              "parentUUID": "61e83a9d-95b7-47a2-afcf-990fb9586367",
              "isHook": false,
              "skipped": false
            },
            {
              "title": "Listar IDs de reservas utilizando o filtro name, checkin and checkout date - @acceptance",
              "fullTitle": "Get Booking Listar IDs de reservas utilizando o filtro name, checkin and checkout date - @acceptance",
              "timedOut": null,
              "duration": 0,
              "state": "pending",
              "speed": null,
              "pass": false,
              "fail": false,
              "pending": true,
              "context": null,
              "code": "",
              "err": {},
              "uuid": "73f5bbe3-b9e0-4fad-8594-99ed7f1c420d",
              "parentUUID": "61e83a9d-95b7-47a2-afcf-990fb9586367",
              "isHook": false,
              "skipped": false
            },
            {
              "title": "Visualizar erro de servidor 500 quando enviar filtro mal formatado - @e2e",
              "fullTitle": "Get Booking Visualizar erro de servidor 500 quando enviar filtro mal formatado - @e2e",
              "timedOut": null,
              "duration": 0,
              "state": "pending",
              "speed": null,
              "pass": false,
              "fail": false,
              "pending": true,
              "context": null,
              "code": "",
              "err": {},
              "uuid": "32638d21-23f0-4530-8821-5324278287ad",
              "parentUUID": "61e83a9d-95b7-47a2-afcf-990fb9586367",
              "isHook": false,
              "skipped": false
            },
            {
              "title": "Garantir o contrato do retorno da alista de reservas - @contract",
              "fullTitle": "Get Booking Garantir o contrato do retorno da alista de reservas - @contract",
              "timedOut": null,
              "duration": 0,
              "state": "pending",
              "speed": null,
              "pass": false,
              "fail": false,
              "pending": true,
              "context": null,
              "code": "",
              "err": {},
              "uuid": "76d141bf-1af0-463f-bb7f-aa8ccb3f0485",
              "parentUUID": "61e83a9d-95b7-47a2-afcf-990fb9586367",
              "isHook": false,
              "skipped": false
            }
          ],
          "suites": [],
          "passes": [],
          "failures": [],
          "pending": [
            "f3f00557-f634-4ec8-9c68-071f0662ba10",
            "0f6cf78d-7a30-4002-8752-3d2fcf6efdda",
            "3861d5f9-de80-45c7-afec-70176b0e9676",
            "8751ebe7-ee00-44e7-9f95-ba6f9be8770b",
            "57b217e9-718b-42a3-98df-f8bb257941f8",
            "d7b3c52b-b959-4cdb-a213-c5a020d5d214",
            "73f5bbe3-b9e0-4fad-8594-99ed7f1c420d",
            "32638d21-23f0-4530-8821-5324278287ad",
            "76d141bf-1af0-463f-bb7f-aa8ccb3f0485"
          ],
          "skipped": [],
          "duration": 0,
          "root": false,
          "rootEmpty": false,
          "_timeout": 2000
        }
      ],
      "passes": [],
      "failures": [],
      "pending": [],
      "skipped": [],
      "duration": 0,
      "root": true,
      "rootEmpty": true,
      "_timeout": 2000
    }
  ],
  "meta": {
    "mocha": {
      "version": "7.0.1"
    },
    "mochawesome": {
      "options": {
        "quiet": false,
        "reportFilename": "mochawesome",
        "saveHtml": false,
        "saveJson": true,
        "consoleReporter": "spec",
        "useInlineDiffs": false,
        "code": true
      },
      "version": "6.1.0"
    },
    "marge": {
      "options": {
        "reportDir": "mochawesome-report/json",
        "overwrite": false,
        "html": false,
        "json": true
      },
      "version": "5.2.0"
    }
  }
}