{
  "stats": {
    "suites": 1,
    "tests": 8,
    "passes": 7,
    "pending": 2,
    "failures": -1,
    "start": "2021-06-21T13:06:14.300Z",
    "end": "2021-06-21T13:06:15.802Z",
    "duration": 1502,
    "testsRegistered": 9,
    "passPercent": 100,
    "pendingPercent": 22.22222222222222,
    "other": 1,
    "hasOther": true,
    "skipped": 1,
    "hasSkipped": true
  },
  "results": [
    {
      "uuid": "e72b59c3-a0fd-4a8e-bd1a-1419b7176370",
      "title": "",
      "fullFile": "cypress/integration/services/GetBookingIds.spec.js",
      "file": "cypress/integration/services/GetBookingIds.spec.js",
      "beforeHooks": [],
      "afterHooks": [],
      "tests": [],
      "suites": [
        {
          "uuid": "90d8e9f9-509f-418b-a355-1b0ad44de286",
          "title": "Get Booking",
          "fullFile": "",
          "file": "",
          "beforeHooks": [],
          "afterHooks": [],
          "tests": [
            {
              "title": "Listar IDs das reservar - @acceptance",
              "fullTitle": "Get Booking Listar IDs das reservar - @acceptance",
              "timedOut": null,
              "duration": 239,
              "state": "passed",
              "speed": "slow",
              "pass": true,
              "fail": false,
              "pending": false,
              "context": null,
              "code": "cy.allBookings().should(function (response) {\n  expect(response.status).to.eq(200);\n  expect(response.body).not.to.be[\"null\"];\n});",
              "err": {},
              "uuid": "7535654a-8c7d-4eee-a6d5-bb3f7369d7fe",
              "parentUUID": "90d8e9f9-509f-418b-a355-1b0ad44de286",
              "isHook": false,
              "skipped": false
            },
            {
              "title": "Listar IDs de reservas utilizando o filtro firstname - @acceptance",
              "fullTitle": "Get Booking Listar IDs de reservas utilizando o filtro firstname - @acceptance",
              "timedOut": null,
              "duration": 180,
              "state": "passed",
              "speed": "slow",
              "pass": true,
              "fail": false,
              "pending": false,
              "context": null,
              "code": "cy.allBookingsWithQueryParam('firstname=Mark').should(function (response) {\n  expect(response.status).to.eq(200);\n  expect(response.body).not.to.be[\"null\"];\n});",
              "err": {},
              "uuid": "cc7e8936-6f6d-4dab-9b7e-d54aca2cbdb6",
              "parentUUID": "90d8e9f9-509f-418b-a355-1b0ad44de286",
              "isHook": false,
              "skipped": false
            },
            {
              "title": "Listar IDs de reservas utilizando o filtro lastname - @acceptance",
              "fullTitle": "Get Booking Listar IDs de reservas utilizando o filtro lastname - @acceptance",
              "timedOut": null,
              "duration": 193,
              "state": "passed",
              "speed": "slow",
              "pass": true,
              "fail": false,
              "pending": false,
              "context": null,
              "code": "cy.allBookingsWithQueryParam('lastname=Jones').should(function (response) {\n  expect(response.status).to.eq(200);\n  expect(response.body).not.to.be[\"null\"];\n});",
              "err": {},
              "uuid": "8cd830fa-9320-4d06-a087-b4df4b32ebcc",
              "parentUUID": "90d8e9f9-509f-418b-a355-1b0ad44de286",
              "isHook": false,
              "skipped": false
            },
            {
              "title": "Listar IDs de reservas utilizando o filtro checkin - @acceptance",
              "fullTitle": "Get Booking Listar IDs de reservas utilizando o filtro checkin - @acceptance",
              "timedOut": null,
              "duration": 211,
              "state": "passed",
              "speed": "slow",
              "pass": true,
              "fail": false,
              "pending": false,
              "context": null,
              "code": "cy.allBookingsWithQueryParam('checkin=2017-04-07').should(function (response) {\n  expect(response.status).to.eq(200);\n  expect(response.body).not.to.be[\"null\"];\n});",
              "err": {},
              "uuid": "fd059187-d4a1-428c-b966-2025c2c7dbbb",
              "parentUUID": "90d8e9f9-509f-418b-a355-1b0ad44de286",
              "isHook": false,
              "skipped": false
            },
            {
              "title": "Listar IDs de reservas utilizando o filtro checkout - @acceptance",
              "fullTitle": "Get Booking Listar IDs de reservas utilizando o filtro checkout - @acceptance",
              "timedOut": null,
              "duration": 177,
              "state": "passed",
              "speed": "slow",
              "pass": true,
              "fail": false,
              "pending": false,
              "context": null,
              "code": "cy.allBookingsWithQueryParam('checkout=2020-12-29').should(function (response) {\n  expect(response.status).to.eq(200);\n  expect(response.body).not.to.be[\"null\"];\n});",
              "err": {},
              "uuid": "bccc32c9-f3e6-4780-8bf9-6873b708d5b8",
              "parentUUID": "90d8e9f9-509f-418b-a355-1b0ad44de286",
              "isHook": false,
              "skipped": false
            },
            {
              "title": "Listar IDs de reservas utilizando o filtro checkout and checkout - @acceptance",
              "fullTitle": "Get Booking Listar IDs de reservas utilizando o filtro checkout and checkout - @acceptance",
              "timedOut": null,
              "duration": 191,
              "state": "passed",
              "speed": "slow",
              "pass": true,
              "fail": false,
              "pending": false,
              "context": null,
              "code": "cy.allBookingsWithQueryParam('checkin=2016-12-10&checkout=2019-09-10').should(function (response) {\n  expect(response.status).to.eq(200);\n  expect(response.body).not.to.be[\"null\"];\n});",
              "err": {},
              "uuid": "9d7f1417-2276-4050-9fb2-4d752caec4c6",
              "parentUUID": "90d8e9f9-509f-418b-a355-1b0ad44de286",
              "isHook": false,
              "skipped": false
            },
            {
              "title": "Listar IDs de reservas utilizando o filtro name, checkin and checkout date - @acceptance",
              "fullTitle": "Get Booking Listar IDs de reservas utilizando o filtro name, checkin and checkout date - @acceptance",
              "timedOut": null,
              "duration": 202,
              "state": "passed",
              "speed": "slow",
              "pass": true,
              "fail": false,
              "pending": false,
              "context": null,
              "code": "cy.allBookingsWithQueryParam('name=Eric&checkin=2016-07-07&checkout=2017-07-24').should(function (response) {\n  expect(response.status).to.eq(200);\n  expect(response.body).not.to.be[\"null\"];\n});",
              "err": {},
              "uuid": "4a19b40c-84ff-4f2d-b614-63a6ccdc897e",
              "parentUUID": "90d8e9f9-509f-418b-a355-1b0ad44de286",
              "isHook": false,
              "skipped": false
            },
            {
              "title": "Visualizar erro de servidor 500 quando enviar filtro mal formatado - @e2e",
              "fullTitle": "Get Booking Visualizar erro de servidor 500 quando enviar filtro mal formatado - @e2e",
              "timedOut": null,
              "duration": 0,
              "state": "pending",
              "speed": null,
              "pass": false,
              "fail": false,
              "pending": true,
              "context": null,
              "code": "",
              "err": {},
              "uuid": "188b17d1-3ae3-4673-a2be-a80fcef1c196",
              "parentUUID": "90d8e9f9-509f-418b-a355-1b0ad44de286",
              "isHook": false,
              "skipped": false
            },
            {
              "title": "Garantir o contrato do retorno da alista de reservas - @contract",
              "fullTitle": "Get Booking Garantir o contrato do retorno da alista de reservas - @contract",
              "timedOut": null,
              "duration": 0,
              "state": "pending",
              "speed": null,
              "pass": false,
              "fail": false,
              "pending": true,
              "context": null,
              "code": "",
              "err": {},
              "uuid": "2d5e0662-6c0a-4afd-9c59-642a3897c6af",
              "parentUUID": "90d8e9f9-509f-418b-a355-1b0ad44de286",
              "isHook": false,
              "skipped": false
            }
          ],
          "suites": [],
          "passes": [
            "7535654a-8c7d-4eee-a6d5-bb3f7369d7fe",
            "cc7e8936-6f6d-4dab-9b7e-d54aca2cbdb6",
            "8cd830fa-9320-4d06-a087-b4df4b32ebcc",
            "fd059187-d4a1-428c-b966-2025c2c7dbbb",
            "bccc32c9-f3e6-4780-8bf9-6873b708d5b8",
            "9d7f1417-2276-4050-9fb2-4d752caec4c6",
            "4a19b40c-84ff-4f2d-b614-63a6ccdc897e"
          ],
          "failures": [],
          "pending": [
            "188b17d1-3ae3-4673-a2be-a80fcef1c196",
            "2d5e0662-6c0a-4afd-9c59-642a3897c6af"
          ],
          "skipped": [],
          "duration": 1393,
          "root": false,
          "rootEmpty": false,
          "_timeout": 2000
        }
      ],
      "passes": [],
      "failures": [],
      "pending": [],
      "skipped": [],
      "duration": 0,
      "root": true,
      "rootEmpty": true,
      "_timeout": 2000
    }
  ],
  "meta": {
    "mocha": {
      "version": "7.0.1"
    },
    "mochawesome": {
      "options": {
        "quiet": false,
        "reportFilename": "mochawesome",
        "saveHtml": false,
        "saveJson": true,
        "consoleReporter": "spec",
        "useInlineDiffs": false,
        "code": true
      },
      "version": "6.1.0"
    },
    "marge": {
      "options": {
        "reportDir": "mochawesome-report/json",
        "overwrite": false,
        "html": false,
        "json": true
      },
      "version": "5.2.0"
    }
  }
}